Сборка начата 01.11.2022 12:37:46.
Уровень детализации журнала: Normal.     1>Проект "D:\study\3 курс\ПиБСП\lab4\ClientB\ClientB\ClientB.vcxproj" в узле 2 (целевые объекты Build).
     1>InitializeBuildStatus:
         Создание "Debug\ClientB.tlog\unsuccessfulbuild", так как было задано "AlwaysCreate".
       ClCompile:
         C:\Program Files (x86)\Microsoft Visual Studio\2019\Community\VC\Tools\MSVC\14.29.30133\bin\HostX86\x86\CL.exe /c /ZI /JMC /nologo /W3 /WX- /diagnostics:column /sdl /Od /Oy- /D WIN32 /D _DEBUG /D _CONSOLE /D _UNICODE /D UNICODE /Gm- /EHsc /RTC1 /MDd /GS /fp:precise /permissive- /Zc:wchar_t /Zc:forScope /Zc:inline /Fo"Debug\\" /Fd"Debug\vc142.pdb" /external:W3 /Gd /TP /analyze- /FC /errorReport:prompt ClientB.cpp
         ClientB.cpp
     1>D:\study\3 курс\ПиБСП\lab4\ClientB\ClientB\ClientB.cpp(20,12): warning C4101: cS: неиспользованная локальная переменная
       Link:
         C:\Program Files (x86)\Microsoft Visual Studio\2019\Community\VC\Tools\MSVC\14.29.30133\bin\HostX86\x86\link.exe /ERRORREPORT:PROMPT /OUT:"D:\study\3 курс\ПиБСП\lab4\ClientB\Debug\ClientB.exe" /INCREMENTAL /ILK:"Debug\ClientB.ilk" /NOLOGO kernel32.lib user32.lib gdi32.lib winspool.lib comdlg32.lib advapi32.lib shell32.lib ole32.lib oleaut32.lib uuid.lib odbc32.lib odbccp32.lib /MANIFEST /MANIFESTUAC:"level='asInvoker' uiAccess='false'" /manifest:embed /DEBUG /PDB:"D:\study\3 курс\ПиБСП\lab4\ClientB\Debug\ClientB.pdb" /SUBSYSTEM:CONSOLE /TLBID:1 /DYNAMICBASE /NXCOMPAT /IMPLIB:"D:\study\3 курс\ПиБСП\lab4\ClientB\Debug\ClientB.lib" /MACHINE:X86 Debug\ClientB.obj
         ClientB.vcxproj -> D:\study\3 курс\ПиБСП\lab4\ClientB\Debug\ClientB.exe
       FinalizeBuildStatus:
         Файл "Debug\ClientB.tlog\unsuccessfulbuild" удаляется.
         Обращение к "Debug\ClientB.tlog\ClientB.lastbuildstate".
     1>Сборка проекта "D:\study\3 курс\ПиБСП\lab4\ClientB\ClientB\ClientB.vcxproj" завершена (целевые объекты Build).

Сборка успешно завершена.

       "D:\study\3 курс\ПиБСП\lab4\ClientB\ClientB\ClientB.vcxproj" (целевой объект Build ) (1) ->
       (Целевой объект ClCompile) -> 
         D:\study\3 курс\ПиБСП\lab4\ClientB\ClientB\ClientB.cpp(20,12): warning C4101: cS: неиспользованная локальная переменная

    Предупреждений: 1
    Ошибок: 0

Прошло времени 00:00:02.31
