Сборка начата 04.10.2022 9:58:31.
Уровень детализации журнала: Normal.     1>Проект "D:\study\3 курс\ПиБСП\lab2\ClientT\ClientT\ClientT.vcxproj" в узле 2 (целевые объекты Build).
     1>InitializeBuildStatus:
         Создание "x64\Debug\ClientT.tlog\unsuccessfulbuild", так как было задано "AlwaysCreate".
       ClCompile:
         C:\Program Files (x86)\Microsoft Visual Studio\2019\Community\VC\Tools\MSVC\14.29.30133\bin\HostX86\x64\CL.exe /c /ZI /JMC /nologo /W3 /WX- /diagnostics:column /sdl /Od /D _DEBUG /D _CONSOLE /D _UNICODE /D UNICODE /Gm- /EHsc /RTC1 /MDd /GS /fp:precise /permissive- /Zc:wchar_t /Zc:forScope /Zc:inline /Fo"x64\Debug\\" /Fd"x64\Debug\vc142.pdb" /external:W3 /Gd /TP /FC /errorReport:prompt ClientT.cpp
         ClientT.cpp
     1>D:\study\3 курс\ПиБСП\lab2\ClientT\ClientT\ClientT.cpp(47,16): warning C4267: аргумент: преобразование из "size_t" в "int"; возможна потеря данных
     1>D:\study\3 курс\ПиБСП\lab2\ClientT\ClientT\ClientT.cpp(60,12): warning C4267: аргумент: преобразование из "size_t" в "int"; возможна потеря данных
       Link:
         C:\Program Files (x86)\Microsoft Visual Studio\2019\Community\VC\Tools\MSVC\14.29.30133\bin\HostX86\x64\link.exe /ERRORREPORT:PROMPT /OUT:"D:\study\3 курс\ПиБСП\lab2\ClientT\x64\Debug\ClientT.exe" /INCREMENTAL /ILK:"x64\Debug\ClientT.ilk" /NOLOGO kernel32.lib user32.lib gdi32.lib winspool.lib comdlg32.lib advapi32.lib shell32.lib ole32.lib oleaut32.lib uuid.lib odbc32.lib odbccp32.lib /MANIFEST /MANIFESTUAC:"level='asInvoker' uiAccess='false'" /manifest:embed /DEBUG /PDB:"D:\study\3 курс\ПиБСП\lab2\ClientT\x64\Debug\ClientT.pdb" /SUBSYSTEM:CONSOLE /TLBID:1 /DYNAMICBASE /NXCOMPAT /IMPLIB:"D:\study\3 курс\ПиБСП\lab2\ClientT\x64\Debug\ClientT.lib" /MACHINE:X64 x64\Debug\ClientT.obj
         ClientT.vcxproj -> D:\study\3 курс\ПиБСП\lab2\ClientT\x64\Debug\ClientT.exe
       FinalizeBuildStatus:
         Файл "x64\Debug\ClientT.tlog\unsuccessfulbuild" удаляется.
         Обращение к "x64\Debug\ClientT.tlog\ClientT.lastbuildstate".
     1>Сборка проекта "D:\study\3 курс\ПиБСП\lab2\ClientT\ClientT\ClientT.vcxproj" завершена (целевые объекты Build).

Сборка успешно завершена.

       "D:\study\3 курс\ПиБСП\lab2\ClientT\ClientT\ClientT.vcxproj" (целевой объект Build ) (1) ->
       (Целевой объект ClCompile) -> 
         D:\study\3 курс\ПиБСП\lab2\ClientT\ClientT\ClientT.cpp(47,16): warning C4267: аргумент: преобразование из "size_t" в "int"; возможна потеря данных
         D:\study\3 курс\ПиБСП\lab2\ClientT\ClientT\ClientT.cpp(60,12): warning C4267: аргумент: преобразование из "size_t" в "int"; возможна потеря данных

    Предупреждений: 2
    Ошибок: 0

Прошло времени 00:00:02.42
